<?xml version="1.0" encoding="UTF-8"?>
<!-- Generated by org.testng.reporters.JUnitXMLReporter -->
<testsuite ignored="0" hostname="suman" failures="0" tests="7" name="PetTest" time="14.17" errors="0" timestamp="2024-01-28T19:20:54 CST">
  <testcase classname="api.test.PetTests2" name="testPostPet" time="6.489"/>
  <testcase classname="api.test.PetTests2" name="testPostPet1" time="0.681"/>
  <testcase classname="api.test.PetTests2" name="testPostPet2" time="0.37"/>
  <testcase classname="api.test.PetTests2" name="testGetStoreByName" time="0.956"/>
  <testcase classname="api.test.PetTests2" name="testGetStoreByName1" time="0.372"/>
  <testcase classname="api.test.PetTests2" name="testUpdateStoreByName" time="0.313"/>
  <testcase classname="api.test.PetTests2" name="testDeleteStoreByName" time="0.286"/>
</testsuite> <!-- PetTest -->
