<?xml version="1.0" encoding="UTF-8"?>
<!-- Generated by org.testng.reporters.JUnitXMLReporter -->
<testsuite ignored="0" hostname="suman" failures="0" tests="7" name="PetTest" time="15.258" errors="0" timestamp="2024-01-29T18:44:06 CST">
  <testcase classname="api.test.PetTests" name="testPostPet" time="7.059"/>
  <testcase classname="api.test.PetTests" name="testPostPet1" time="0.657"/>
  <testcase classname="api.test.PetTests" name="testPostPet2" time="0.324"/>
  <testcase classname="api.test.PetTests" name="testGetStoreByName" time="1.039"/>
  <testcase classname="api.test.PetTests" name="testGetStoreByName1" time="0.634"/>
  <testcase classname="api.test.PetTests" name="testUpdateStoreByName" time="0.324"/>
  <testcase classname="api.test.PetTests" name="testDeleteStoreByName" time="0.284"/>
</testsuite> <!-- PetTest -->
