<?xml version="1.0" encoding="UTF-8"?>
<testsuite xmlns:xsi="http://www.w3.org/2001/XMLSchema-instance" xsi:noNamespaceSchemaLocation="https://maven.apache.org/surefire/maven-surefire-plugin/xsd/surefire-test-report-3.0.xsd" version="3.0" name="TestSuite" time="16.896" tests="7" errors="0" skipped="0" failures="0">
  <properties>
[...]
</properties>
  <testcase name="testPostPet" classname="api.test.PetTests" time="7.216">
    <system-out><![CDATA[{name=Andree Schaden Sr., id=1442038800}
[https://images.app.goo.gl/3Atw5SG94BhBa5qEA, https://images.app.goo.gl/3Atw5SG94BhBa5qEA]
Request method:	POST
Request URI:	https://petstore.swagger.io/v2/pet
Proxy:			<none>
Request params:	<none>
Query params:	<none>
Form params:	<none>
Path params:	<none>
Headers:		Accept=application/xml, text/xml, application/xhtml+xml
				Content-Type=application/json
Cookies:		<none>
Multiparts:		<none>
Body:
{
    "id": 1442038800,
    "category": {
        "name": "Andree Schaden Sr.",
        "id": 1442038800
    },
    "name": "Laurence Labadie IV",
    "photoUrls": [
        "https://images.app.goo.gl/3Atw5SG94BhBa5qEA",
        "https://images.app.goo.gl/3Atw5SG94BhBa5qEA"
    ],
    "tags": [
        {
            "name": "Roselle Olson",
            "id": 1442038800
        },
        {
            "name": "Katharina Flatley",
            "id": 1442038800
        }
    ],
    "status": "available"
}
HTTP/1.1 200 OK
Date: Tue, 30 Jan 2024 00:43:59 GMT
Content-Type: application/xml
Content-Length: 494
Connection: keep-alive
Access-Control-Allow-Origin: *
Access-Control-Allow-Methods: GET, POST, DELETE, PUT
Access-Control-Allow-Headers: Content-Type, api_key, Authorization
Server: Jetty(9.2.9.v20150224)

<Pet>
  <category>
    <id>1442038800</id>
    <name>Andree Schaden Sr.</name>
  </category>
  <id>1442038800</id>
  <name>Laurence Labadie IV</name>
  <photoUrls>
    <photoUrl>https://images.app.goo.gl/3Atw5SG94BhBa5qEA</photoUrl>
    <photoUrl>https://images.app.goo.gl/3Atw5SG94BhBa5qEA</photoUrl>
  </photoUrls>
  <status>available</status>
  <tags>
    <tag>
      <id>1442038800</id>
      <name>Roselle Olson</name>
    </tag>
    <tag>
      <id>1442038800</id>
      <name>Katharina Flatley</name>
    </tag>
  </tags>
</Pet>
]]></system-out>
  </testcase>
  <testcase name="testPostPet1" classname="api.test.PetTests" time="0.672">
    <system-out><![CDATA[Request method:	POST
Request URI:	https://petstore.swagger.io/v2/pet/1442038800/uploadImage
Proxy:			<none>
Request params:	<none>
Query params:	<none>
Form params:	Additionalmetadata=uploadimage
Path params:	petId=1442038800
Headers:		Accept=application/json, application/javascript, text/javascript, text/json
				Content-Type=multipart/form-data
Cookies:		<none>
Multiparts:		------------
				Content-Disposition: form-data; name = file; filename = file
				Content-Type: text/plain

				myfile
Body:			<none>
HTTP/1.1 200 OK
Date: Tue, 30 Jan 2024 00:44:00 GMT
Content-Type: application/json
Transfer-Encoding: chunked
Connection: keep-alive
Access-Control-Allow-Origin: *
Access-Control-Allow-Methods: GET, POST, DELETE, PUT
Access-Control-Allow-Headers: Content-Type, api_key, Authorization
Server: Jetty(9.2.9.v20150224)

{
    "code": 200,
    "type": "unknown",
    "message": "additionalMetadata: null\nFile uploaded to ./null, 6 bytes"
}
]]></system-out>
  </testcase>
  <testcase name="testPostPet2" classname="api.test.PetTests" time="0.35">
    <system-out><![CDATA[Request method:	POST
Request URI:	https://petstore.swagger.io/v2/pet/1442038800
Proxy:			<none>
Request params:	<none>
Query params:	<none>
Form params:	name=julie
				status=available
Path params:	petId=1442038800
Headers:		Accept=application/xml, text/xml, application/xhtml+xml
				Content-Type=application/x-www-form-urlencoded; charset=ISO-8859-1
Cookies:		<none>
Multiparts:		<none>
Body:			<none>
HTTP/1.1 200 OK
Date: Tue, 30 Jan 2024 00:44:01 GMT
Content-Type: application/xml
Content-Length: 131
Connection: keep-alive
Access-Control-Allow-Origin: *
Access-Control-Allow-Methods: GET, POST, DELETE, PUT
Access-Control-Allow-Headers: Content-Type, api_key, Authorization
Server: Jetty(9.2.9.v20150224)

<apiResponse>
  <message>1442038800</message>
  <type>unknown</type>
</apiResponse>
]]></system-out>
  </testcase>
  <testcase name="testGetStoreByName" classname="api.test.PetTests" time="1.126">
    <system-out><![CDATA[Request method:	GET
Request URI:	https://petstore.swagger.io/v2/pet/1442038800
Proxy:			<none>
Request params:	<none>
Query params:	<none>
Form params:	<none>
Path params:	petId=1442038800
Headers:		Accept=*/*
Cookies:		<none>
Multiparts:		<none>
Body:			<none>
HTTP/1.1 200 OK
Date: Tue, 30 Jan 2024 00:44:01 GMT
Content-Type: application/json
Transfer-Encoding: chunked
Connection: keep-alive
Access-Control-Allow-Origin: *
Access-Control-Allow-Methods: GET, POST, DELETE, PUT
Access-Control-Allow-Headers: Content-Type, api_key, Authorization
Server: Jetty(9.2.9.v20150224)

{
    "id": 1442038800,
    "category": {
        "id": 1442038800,
        "name": "Andree Schaden Sr."
    },
    "name": "julie",
    "photoUrls": [
        "https://images.app.goo.gl/3Atw5SG94BhBa5qEA",
        "https://images.app.goo.gl/3Atw5SG94BhBa5qEA"
    ],
    "tags": [
        {
            "id": 1442038800,
            "name": "Roselle Olson"
        },
        {
            "id": 1442038800,
            "name": "Katharina Flatley"
        }
    ],
    "status": "available"
}
]]></system-out>
  </testcase>
  <testcase name="testGetStoreByName1" classname="api.test.PetTests" time="0.663">
    <system-out><![CDATA[Request method:	GET
Request URI:	https://petstore.swagger.io/v2/pet/findByStatus?status=pending
Proxy:			<none>
Request params:	<none>
Query params:	<none>
Form params:	<none>
Path params:	<none>
Headers:		Accept=*/*
Cookies:		<none>
Multiparts:		<none>
Body:			<none>
HTTP/1.1 200 OK
Date: Tue, 30 Jan 2024 00:44:02 GMT
Content-Type: application/json
Transfer-Encoding: chunked
Connection: keep-alive
Access-Control-Allow-Origin: *
Access-Control-Allow-Methods: GET, POST, DELETE, PUT
Access-Control-Allow-Headers: Content-Type, api_key, Authorization
Server: Jetty(9.2.9.v20150224)

[
    {
        "id": 3,
        "category": {
            "id": 2,
            "name": "Cats"
        },
        "name": "Cat 3",
        "photoUrls": [
            "url1",
            "url2"
        ],
        "tags": [
            {
                "id": 1,
                "name": "tag3"
            },
            {
                "id": 2,
                "name": "tag4"
            }
        ],
        "status": "pending"
    },
    {
        "id": 6,
        "category": {
            "id": 1,
            "name": "Dogs"
        },
        "name": "Dog 3",
        "photoUrls": [
            "url1",
            "url2"
        ],
        "tags": [
            {
                "id": 1,
                "name": "tag3"
            },
            {
                "id": 2,
                "name": "tag4"
            }
        ],
        "status": "pending"
    },
    {
        "id": 16222945,
        "category": {
            "id": -78746072,
            "name": "eiusmod"
        },
        "name": "doggie",
        "photoUrls": [
            "pariatur culpa do ex",
            "cupidatat reprehenderit"
        ],
        "tags": [
            {
                "id": -20700751,
                "name": "fugiat sint Excepteur"
            },
            {
                "id": -66098870,
                "name": "consectetur amet fugiat"
            }
        ],
        "status": "pending"
    },
    {
        "id": 3678247,
        "category": {
            "id": 1,
            "name": "Dog"
        },
        "name": "Saphira",
        "photoUrls": [
            "https://www.google.com/url?sa=i&url=https%3A%2F%2Fg1.globo.com%2Feconomia%2Ftecnologia%2Fnoticia%2F2021%2F07%2F23%2Fgoogle-inclui-joguinho-retro-com-modalidades-esportivas-para-olimpiadas.ghtml&psig=AOvVaw0pu142NXKBn5TVukQr8ypN&ust=1706054059527000&source=images&cd=vfe&opi=89978449&ved=0CBIQjRxqFwoTCMCAo-WY8oMDFQAAAAAdAAAAABAD",
            "<string>"
        ],
        "tags": [
            {
                "id": 1,
                "name": "Labrador"
            },
            {
                "id": 2,
                "name": "Vacinado"
            }
        ],
        "status": "pending"
    }
]
]]></system-out>
  </testcase>
  <testcase name="testUpdateStoreByName" classname="api.test.PetTests" time="0.325">
    <system-out><![CDATA[Request method:	PUT
Request URI:	https://petstore.swagger.io/v2/pet
Proxy:			<none>
Request params:	<none>
Query params:	<none>
Form params:	<none>
Path params:	<none>
Headers:		Accept=application/xml, text/xml, application/xhtml+xml
				Content-Type=application/json
Cookies:		<none>
Multiparts:		<none>
Body:
{
    "id": 1442038800,
    "category": {
        "name": "Andree Schaden Sr.",
        "id": 1442038800
    },
    "name": "Johnson Von",
    "photoUrls": [
        "https://images.app.goo.gl/3Atw5SG94BhBa5qEA",
        "https://images.app.goo.gl/3Atw5SG94BhBa5qEA"
    ],
    "tags": [
        {
            "name": "Roselle Olson",
            "id": 1442038800
        },
        {
            "name": "Katharina Flatley",
            "id": 1442038800
        }
    ],
    "status": "available"
}
HTTP/1.1 200 OK
Date: Tue, 30 Jan 2024 00:44:03 GMT
Content-Type: application/xml
Content-Length: 486
Connection: keep-alive
Access-Control-Allow-Origin: *
Access-Control-Allow-Methods: GET, POST, DELETE, PUT
Access-Control-Allow-Headers: Content-Type, api_key, Authorization
Server: Jetty(9.2.9.v20150224)

<Pet>
  <category>
    <id>1442038800</id>
    <name>Andree Schaden Sr.</name>
  </category>
  <id>1442038800</id>
  <name>Johnson Von</name>
  <photoUrls>
    <photoUrl>https://images.app.goo.gl/3Atw5SG94BhBa5qEA</photoUrl>
    <photoUrl>https://images.app.goo.gl/3Atw5SG94BhBa5qEA</photoUrl>
  </photoUrls>
  <status>available</status>
  <tags>
    <tag>
      <id>1442038800</id>
      <name>Roselle Olson</name>
    </tag>
    <tag>
      <id>1442038800</id>
      <name>Katharina Flatley</name>
    </tag>
  </tags>
</Pet>
]]></system-out>
  </testcase>
  <testcase name="testDeleteStoreByName" classname="api.test.PetTests" time="0.307">
    <system-out><![CDATA[Request method:	DELETE
Request URI:	https://petstore.swagger.io/v2/pet/1442038800
Proxy:			<none>
Request params:	<none>
Query params:	<none>
Form params:	<none>
Path params:	petId=1442038800
Headers:		Accept=*/*
Cookies:		<none>
Multiparts:		<none>
Body:			<none>
]]></system-out>
  </testcase>
</testsuite>