<?xml version="1.0" encoding="UTF-8"?>
<testng-results ignored="0" total="7" passed="7" failed="0" skipped="0">
  <reporter-output>
  </reporter-output>
  <suite started-at="2024-01-29T18:43:51 CST" name="Suite" finished-at="2024-01-29T18:44:06 CST" duration-ms="15258">
    <groups>
    </groups>
    <test started-at="2024-01-29T18:43:51 CST" name="PetTest" finished-at="2024-01-29T18:44:06 CST" duration-ms="15258">
      <class name="api.test.PetTests">
        <test-method is-config="true" signature="setUpData()[pri:0, instance:api.test.PetTests@25084a1e]" started-at="2024-01-29T18:43:53 CST" name="setUpData" finished-at="2024-01-29T18:43:55 CST" duration-ms="2562" status="PASS">
          <reporter-output>
          </reporter-output>
        </test-method> <!-- setUpData -->
        <test-method signature="testPostPet()[pri:1, instance:api.test.PetTests@25084a1e]" started-at="2024-01-29T18:43:55 CST" name="testPostPet" finished-at="2024-01-29T18:44:02 CST" duration-ms="7059" status="PASS">
          <reporter-output>
          </reporter-output>
        </test-method> <!-- testPostPet -->
        <test-method signature="testPostPet1()[pri:2, instance:api.test.PetTests@25084a1e]" started-at="2024-01-29T18:44:03 CST" name="testPostPet1" finished-at="2024-01-29T18:44:03 CST" duration-ms="657" status="PASS">
          <reporter-output>
          </reporter-output>
        </test-method> <!-- testPostPet1 -->
        <test-method signature="testPostPet2()[pri:3, instance:api.test.PetTests@25084a1e]" started-at="2024-01-29T18:44:03 CST" name="testPostPet2" finished-at="2024-01-29T18:44:04 CST" duration-ms="324" status="PASS">
          <reporter-output>
          </reporter-output>
        </test-method> <!-- testPostPet2 -->
        <test-method signature="testGetStoreByName()[pri:4, instance:api.test.PetTests@25084a1e]" started-at="2024-01-29T18:44:04 CST" name="testGetStoreByName" finished-at="2024-01-29T18:44:05 CST" duration-ms="1039" status="PASS">
          <reporter-output>
          </reporter-output>
        </test-method> <!-- testGetStoreByName -->
        <test-method signature="testGetStoreByName1()[pri:5, instance:api.test.PetTests@25084a1e]" started-at="2024-01-29T18:44:05 CST" name="testGetStoreByName1" finished-at="2024-01-29T18:44:05 CST" duration-ms="634" status="PASS">
          <reporter-output>
          </reporter-output>
        </test-method> <!-- testGetStoreByName1 -->
        <test-method signature="testUpdateStoreByName()[pri:6, instance:api.test.PetTests@25084a1e]" started-at="2024-01-29T18:44:05 CST" name="testUpdateStoreByName" finished-at="2024-01-29T18:44:06 CST" duration-ms="324" status="PASS">
          <reporter-output>
          </reporter-output>
        </test-method> <!-- testUpdateStoreByName -->
        <test-method signature="testDeleteStoreByName()[pri:7, instance:api.test.PetTests@25084a1e]" started-at="2024-01-29T18:44:06 CST" name="testDeleteStoreByName" finished-at="2024-01-29T18:44:06 CST" duration-ms="284" status="PASS">
          <reporter-output>
          </reporter-output>
        </test-method> <!-- testDeleteStoreByName -->
      </class> <!-- api.test.PetTests -->
    </test> <!-- PetTest -->
  </suite> <!-- Suite -->
</testng-results>
