<?xml version="1.0" encoding="UTF-8"?>
<testsuite xmlns:xsi="http://www.w3.org/2001/XMLSchema-instance" xsi:noNamespaceSchemaLocation="https://maven.apache.org/surefire/maven-surefire-plugin/xsd/surefire-test-report-3.0.xsd" version="3.0" name="TestSuite" time="22.604" tests="7" errors="0" skipped="0" failures="1">
  <properties>
[...]
</properties>
  <testcase name="testPostPet" classname="api.test.PetTests2" time="11.605">
    <system-out><![CDATA[{name=Devon VonRueden, id=88646218}
[https://images.app.goo.gl/3Atw5SG94BhBa5qEA, https://images.app.goo.gl/3Atw5SG94BhBa5qEA]
Request method:	POST
Request URI:	https://petstore.swagger.io/v2/pet
Proxy:			<none>
Request params:	<none>
Query params:	<none>
Form params:	<none>
Path params:	<none>
Headers:		Accept=application/xml, text/xml, application/xhtml+xml
				Content-Type=application/json
Cookies:		<none>
Multiparts:		<none>
Body:
{
    "id": 88646218,
    "category": {
        "name": "Devon VonRueden",
        "id": 88646218
    },
    "name": "Bibi Kerluke",
    "photoUrls": [
        "https://images.app.goo.gl/3Atw5SG94BhBa5qEA",
        "https://images.app.goo.gl/3Atw5SG94BhBa5qEA"
    ],
    "tags": [
        {
            "name": "Corrine Dach",
            "id": 88646218
        },
        {
            "name": "Edie Shanahan",
            "id": 88646218
        }
    ],
    "status": "available"
}
HTTP/1.1 200 OK
Date: Mon, 29 Jan 2024 03:07:09 GMT
Content-Type: application/xml
Content-Length: 471
Connection: keep-alive
Access-Control-Allow-Origin: *
Access-Control-Allow-Methods: GET, POST, DELETE, PUT
Access-Control-Allow-Headers: Content-Type, api_key, Authorization
Server: Jetty(9.2.9.v20150224)

<Pet>
  <category>
    <id>88646218</id>
    <name>Devon VonRueden</name>
  </category>
  <id>88646218</id>
  <name>Bibi Kerluke</name>
  <photoUrls>
    <photoUrl>https://images.app.goo.gl/3Atw5SG94BhBa5qEA</photoUrl>
    <photoUrl>https://images.app.goo.gl/3Atw5SG94BhBa5qEA</photoUrl>
  </photoUrls>
  <status>available</status>
  <tags>
    <tag>
      <id>88646218</id>
      <name>Corrine Dach</name>
    </tag>
    <tag>
      <id>88646218</id>
      <name>Edie Shanahan</name>
    </tag>
  </tags>
</Pet>
]]></system-out>
  </testcase>
  <testcase name="testPostPet1" classname="api.test.PetTests2" time="1.288">
    <system-out><![CDATA[Request method:	POST
Request URI:	https://petstore.swagger.io/v2/pet/88646218/uploadImage
Proxy:			<none>
Request params:	<none>
Query params:	<none>
Form params:	Additionalmetadata=uploadimage
Path params:	petId=88646218
Headers:		Accept=application/json, application/javascript, text/javascript, text/json
				Content-Type=multipart/form-data
Cookies:		<none>
Multiparts:		------------
				Content-Disposition: form-data; name = file; filename = file
				Content-Type: text/plain

				myfile
Body:			<none>
HTTP/1.1 200 OK
Date: Mon, 29 Jan 2024 03:07:11 GMT
Content-Type: application/json
Transfer-Encoding: chunked
Connection: keep-alive
Access-Control-Allow-Origin: *
Access-Control-Allow-Methods: GET, POST, DELETE, PUT
Access-Control-Allow-Headers: Content-Type, api_key, Authorization
Server: Jetty(9.2.9.v20150224)

{
    "code": 200,
    "type": "unknown",
    "message": "additionalMetadata: null\nFile uploaded to ./null, 6 bytes"
}
]]></system-out>
  </testcase>
  <testcase name="testPostPet2" classname="api.test.PetTests2" time="0.57">
    <system-out><![CDATA[Request method:	POST
Request URI:	https://petstore.swagger.io/v2/pet/88646218
Proxy:			<none>
Request params:	<none>
Query params:	<none>
Form params:	name=julie
				status=available
Path params:	petId=88646218
Headers:		Accept=application/json, application/javascript, text/javascript, text/json
				Content-Type=application/x-www-form-urlencoded; charset=ISO-8859-1
Cookies:		<none>
Multiparts:		<none>
Body:			<none>
HTTP/1.1 200 OK
Date: Mon, 29 Jan 2024 03:07:12 GMT
Content-Type: application/json
Transfer-Encoding: chunked
Connection: keep-alive
Access-Control-Allow-Origin: *
Access-Control-Allow-Methods: GET, POST, DELETE, PUT
Access-Control-Allow-Headers: Content-Type, api_key, Authorization
Server: Jetty(9.2.9.v20150224)

{
    "code": 200,
    "type": "unknown",
    "message": "88646218"
}
]]></system-out>
  </testcase>
  <testcase name="testGetStoreByName" classname="api.test.PetTests2" time="1.186">
    <failure message="Content is not allowed in prolog." type="org.xml.sax.SAXParseException; lineNumber"><![CDATA[org.xml.sax.SAXParseException; lineNumber: 1; columnNumber: 1; Content is not allowed in prolog.
	at com.sun.org.apache.xerces.internal.util.ErrorHandlerWrapper.createSAXParseException(ErrorHandlerWrapper.java:203)
	at com.sun.org.apache.xerces.internal.util.ErrorHandlerWrapper.fatalError(ErrorHandlerWrapper.java:177)
	at com.sun.org.apache.xerces.internal.impl.XMLErrorReporter.reportError(XMLErrorReporter.java:400)
	at com.sun.org.apache.xerces.internal.impl.XMLErrorReporter.reportError(XMLErrorReporter.java:327)
	at com.sun.org.apache.xerces.internal.impl.XMLScanner.reportFatalError(XMLScanner.java:1472)
	at com.sun.org.apache.xerces.internal.impl.XMLDocumentScannerImpl$PrologDriver.next(XMLDocumentScannerImpl.java:994)
	at com.sun.org.apache.xerces.internal.impl.XMLDocumentScannerImpl.next(XMLDocumentScannerImpl.java:602)
	at com.sun.org.apache.xerces.internal.impl.XMLNSDocumentScannerImpl.next(XMLNSDocumentScannerImpl.java:112)
	at com.sun.org.apache.xerces.internal.impl.XMLDocumentFragmentScannerImpl.scanDocument(XMLDocumentFragmentScannerImpl.java:505)
	at com.sun.org.apache.xerces.internal.parsers.XML11Configuration.parse(XML11Configuration.java:841)
	at com.sun.org.apache.xerces.internal.parsers.XML11Configuration.parse(XML11Configuration.java:770)
	at com.sun.org.apache.xerces.internal.jaxp.validation.StreamValidatorHelper.validate(StreamValidatorHelper.java:155)
	at com.sun.org.apache.xerces.internal.jaxp.validation.ValidatorImpl.validate(ValidatorImpl.java:116)
	at javax.xml.validation.Validator.validate(Validator.java:124)
	at javax.xml.validation.Validator$validate.call(Unknown Source)
	at org.codehaus.groovy.runtime.callsite.CallSiteArray.defaultCall(CallSiteArray.java:45)
	at org.codehaus.groovy.runtime.callsite.AbstractCallSite.call(AbstractCallSite.java:125)
	at org.codehaus.groovy.runtime.callsite.AbstractCallSite.call(AbstractCallSite.java:139)
	at io.restassured.internal.matcher.xml.XmlXsdMatcher.matches(XmlXsdMatcher.groovy:84)
	at io.restassured.internal.assertion.BodyMatcher.validate(BodyMatcher.java:82)
	at io.restassured.internal.assertion.BodyMatcherGroup.lambda$validate$0(BodyMatcherGroup.java:30)
	at java.util.stream.ReferencePipeline$3$1.accept(ReferencePipeline.java:193)
	at java.util.ArrayList$ArrayListSpliterator.forEachRemaining(ArrayList.java:1374)
	at java.util.stream.AbstractPipeline.copyInto(AbstractPipeline.java:481)
	at java.util.stream.AbstractPipeline.wrapAndCopyInto(AbstractPipeline.java:471)
	at java.util.stream.ReduceOps$ReduceOp.evaluateSequential(ReduceOps.java:708)
	at java.util.stream.AbstractPipeline.evaluate(AbstractPipeline.java:234)
	at java.util.stream.ReferencePipeline.collect(ReferencePipeline.java:499)
	at io.restassured.internal.assertion.BodyMatcherGroup.validate(BodyMatcherGroup.java:30)
	at io.restassured.internal.assertion.BodyMatcherGroup$validate$3.call(Unknown Source)
	at org.codehaus.groovy.runtime.callsite.CallSiteArray.defaultCall(CallSiteArray.java:45)
	at org.codehaus.groovy.runtime.callsite.AbstractCallSite.call(AbstractCallSite.java:125)
	at org.codehaus.groovy.runtime.callsite.AbstractCallSite.call(AbstractCallSite.java:157)
	at io.restassured.internal.ResponseSpecificationImpl$HamcrestAssertionClosure.validate(ResponseSpecificationImpl.groovy:499)
	at io.restassured.internal.ResponseSpecificationImpl$HamcrestAssertionClosure$validate$1.call(Unknown Source)
	at org.codehaus.groovy.runtime.callsite.CallSiteArray.defaultCall(CallSiteArray.java:45)
	at org.codehaus.groovy.runtime.callsite.AbstractCallSite.call(AbstractCallSite.java:125)
	at org.codehaus.groovy.runtime.callsite.AbstractCallSite.call(AbstractCallSite.java:139)
	at io.restassured.internal.ResponseSpecificationImpl.validateResponseIfRequired(ResponseSpecificationImpl.groovy:696)
	at io.restassured.internal.ResponseSpecificationImpl.this$2$validateResponseIfRequired(ResponseSpecificationImpl.groovy)
	at sun.reflect.NativeMethodAccessorImpl.invoke0(Native Method)
	at sun.reflect.NativeMethodAccessorImpl.invoke(NativeMethodAccessorImpl.java:62)
	at sun.reflect.DelegatingMethodAccessorImpl.invoke(DelegatingMethodAccessorImpl.java:43)
	at java.lang.reflect.Method.invoke(Method.java:498)
	at org.codehaus.groovy.runtime.callsite.PlainObjectMetaMethodSite.doInvoke(PlainObjectMetaMethodSite.java:43)
	at org.codehaus.groovy.runtime.callsite.PogoMetaMethodSite$PogoCachedMethodSiteNoUnwrapNoCoerce.invoke(PogoMetaMethodSite.java:198)
	at org.codehaus.groovy.runtime.callsite.PogoMetaMethodSite.callCurrent(PogoMetaMethodSite.java:62)
	at org.codehaus.groovy.runtime.callsite.CallSiteArray.defaultCallCurrent(CallSiteArray.java:49)
	at org.codehaus.groovy.runtime.callsite.AbstractCallSite.callCurrent(AbstractCallSite.java:171)
	at org.codehaus.groovy.runtime.callsite.AbstractCallSite.callCurrent(AbstractCallSite.java:185)
	at io.restassured.internal.ResponseSpecificationImpl.body(ResponseSpecificationImpl.groovy:107)
	at io.restassured.internal.ValidatableResponseOptionsImpl.body(ValidatableResponseOptionsImpl.java:238)
	at api.test.PetTests2.testGetStoreByName(PetTests2.java:127)
	at sun.reflect.NativeMethodAccessorImpl.invoke0(Native Method)
	at sun.reflect.NativeMethodAccessorImpl.invoke(NativeMethodAccessorImpl.java:62)
	at sun.reflect.DelegatingMethodAccessorImpl.invoke(DelegatingMethodAccessorImpl.java:43)
	at java.lang.reflect.Method.invoke(Method.java:498)
	at org.testng.internal.MethodInvocationHelper.invokeMethod(MethodInvocationHelper.java:133)
	at org.testng.internal.TestInvoker.invokeMethod(TestInvoker.java:598)
	at org.testng.internal.TestInvoker.invokeTestMethod(TestInvoker.java:173)
	at org.testng.internal.MethodRunner.runInSequence(MethodRunner.java:46)
	at org.testng.internal.TestInvoker$MethodInvocationAgent.invoke(TestInvoker.java:824)
	at org.testng.internal.TestInvoker.invokeTestMethods(TestInvoker.java:146)
	at org.testng.internal.TestMethodWorker.invokeTestMethods(TestMethodWorker.java:146)
	at org.testng.internal.TestMethodWorker.run(TestMethodWorker.java:128)
	at java.util.ArrayList.forEach(ArrayList.java:1249)
	at org.testng.TestRunner.privateRun(TestRunner.java:794)
	at org.testng.TestRunner.run(TestRunner.java:596)
	at org.testng.SuiteRunner.runTest(SuiteRunner.java:377)
	at org.testng.SuiteRunner.runSequentially(SuiteRunner.java:371)
	at org.testng.SuiteRunner.privateRun(SuiteRunner.java:332)
	at org.testng.SuiteRunner.run(SuiteRunner.java:276)
	at org.testng.SuiteRunnerWorker.runSuite(SuiteRunnerWorker.java:53)
	at org.testng.SuiteRunnerWorker.run(SuiteRunnerWorker.java:96)
	at org.testng.TestNG.runSuitesSequentially(TestNG.java:1212)
	at org.testng.TestNG.runSuitesLocally(TestNG.java:1134)
	at org.testng.TestNG.runSuites(TestNG.java:1063)
	at org.testng.TestNG.run(TestNG.java:1031)
	at org.apache.maven.surefire.testng.TestNGExecutor.run(TestNGExecutor.java:308)
	at org.apache.maven.surefire.testng.TestNGXmlTestSuite.execute(TestNGXmlTestSuite.java:71)
	at org.apache.maven.surefire.testng.TestNGProvider.invoke(TestNGProvider.java:113)
	at org.apache.maven.surefire.booter.ForkedBooter.runSuitesInProcess(ForkedBooter.java:385)
	at org.apache.maven.surefire.booter.ForkedBooter.execute(ForkedBooter.java:162)
	at org.apache.maven.surefire.booter.ForkedBooter.run(ForkedBooter.java:507)
	at org.apache.maven.surefire.booter.ForkedBooter.main(ForkedBooter.java:495)
]]></failure>
    <system-out><![CDATA[Request method:	GET
Request URI:	https://petstore.swagger.io/v2/pet/88646218
Proxy:			<none>
Request params:	<none>
Query params:	<none>
Form params:	<none>
Path params:	petId=88646218
Headers:		Accept=*/*
Cookies:		<none>
Multiparts:		<none>
Body:			<none>
]]></system-out>
  </testcase>
  <testcase name="testGetStoreByName1" classname="api.test.PetTests2" time="0.459">
    <system-out><![CDATA[Request method:	GET
Request URI:	https://petstore.swagger.io/v2/pet/findByStatus?status=pending
Proxy:			<none>
Request params:	<none>
Query params:	<none>
Form params:	<none>
Path params:	<none>
Headers:		Accept=*/*
Cookies:		<none>
Multiparts:		<none>
Body:			<none>
HTTP/1.1 200 OK
Date: Mon, 29 Jan 2024 03:07:14 GMT
Content-Type: application/json
Transfer-Encoding: chunked
Connection: keep-alive
Access-Control-Allow-Origin: *
Access-Control-Allow-Methods: GET, POST, DELETE, PUT
Access-Control-Allow-Headers: Content-Type, api_key, Authorization
Server: Jetty(9.2.9.v20150224)

[
    {
        "id": 235,
        "category": {
            "id": 0,
            "name": "Aldo"
        },
        "name": "Dog",
        "photoUrls": [
            "www.ornekolacakyadim1.com",
            "www.ornekolacakyadim2.com"
        ],
        "tags": [
            {
                "id": 0,
                "name": "Seven"
            },
            {
                "id": 0,
                "name": "Eight"
            }
        ],
        "status": "pending"
    },
    {
        "id": 6739257,
        "category": {
            "id": 10,
            "name": "string"
        },
        "name": "Changed Kitty Price",
        "photoUrls": [
            "string"
        ],
        "tags": [
            {
                "id": 10,
                "name": "string"
            }
        ],
        "status": "pending"
    },
    {
        "id": 190190965,
        "category": {
            "id": 10,
            "name": "string"
        },
        "name": "Changed Kitty Price",
        "photoUrls": [
            "string"
        ],
        "tags": [
            {
                "id": 10,
                "name": "string"
            }
        ],
        "status": "pending"
    },
    {
        "id": 81723614,
        "category": {
            "id": -35894100,
            "name": "sit reprehenderit fugiat amet aliqua"
        },
        "name": "doggie",
        "photoUrls": [
            "occaecat nostrud dolore fugiat tempor",
            "id est"
        ],
        "tags": [
            {
                "id": -85885711,
                "name": "pariatur labore Lorem"
            },
            {
                "id": -37987020,
                "name": "v"
            }
        ],
        "status": "pending"
    }
]
]]></system-out>
  </testcase>
  <testcase name="testUpdateStoreByName" classname="api.test.PetTests2" time="0.367">
    <system-out><![CDATA[Request method:	PUT
Request URI:	https://petstore.swagger.io/v2/pet
Proxy:			<none>
Request params:	<none>
Query params:	<none>
Form params:	<none>
Path params:	<none>
Headers:		Accept=application/xml, text/xml, application/xhtml+xml
				Content-Type=application/json
Cookies:		<none>
Multiparts:		<none>
Body:
{
    "id": 88646218,
    "category": {
        "name": "Devon VonRueden",
        "id": 88646218
    },
    "name": "Peggy Grant",
    "photoUrls": [
        "https://images.app.goo.gl/3Atw5SG94BhBa5qEA",
        "https://images.app.goo.gl/3Atw5SG94BhBa5qEA"
    ],
    "tags": [
        {
            "name": "Corrine Dach",
            "id": 88646218
        },
        {
            "name": "Edie Shanahan",
            "id": 88646218
        }
    ],
    "status": "available"
}
HTTP/1.1 200 OK
Date: Mon, 29 Jan 2024 03:07:14 GMT
Content-Type: application/xml
Content-Length: 470
Connection: keep-alive
Access-Control-Allow-Origin: *
Access-Control-Allow-Methods: GET, POST, DELETE, PUT
Access-Control-Allow-Headers: Content-Type, api_key, Authorization
Server: Jetty(9.2.9.v20150224)

<Pet>
  <category>
    <id>88646218</id>
    <name>Devon VonRueden</name>
  </category>
  <id>88646218</id>
  <name>Peggy Grant</name>
  <photoUrls>
    <photoUrl>https://images.app.goo.gl/3Atw5SG94BhBa5qEA</photoUrl>
    <photoUrl>https://images.app.goo.gl/3Atw5SG94BhBa5qEA</photoUrl>
  </photoUrls>
  <status>available</status>
  <tags>
    <tag>
      <id>88646218</id>
      <name>Corrine Dach</name>
    </tag>
    <tag>
      <id>88646218</id>
      <name>Edie Shanahan</name>
    </tag>
  </tags>
</Pet>
]]></system-out>
  </testcase>
  <testcase name="testDeleteStoreByName" classname="api.test.PetTests2" time="0.355">
    <system-out><![CDATA[Request method:	DELETE
Request URI:	https://petstore.swagger.io/v2/pet/88646218
Proxy:			<none>
Request params:	<none>
Query params:	<none>
Form params:	<none>
Path params:	petId=88646218
Headers:		Accept=*/*
Cookies:		<none>
Multiparts:		<none>
Body:			<none>
]]></system-out>
  </testcase>
</testsuite>